<?xml version="1.0" encoding="UTF-8"?>
<!-- Generated by org.testng.reporters.JUnitXMLReporter -->
<testsuite ignored="0" hostname="LAPTOP-33I42NLP" failures="0" tests="4" name="Default test" time="27.162" errors="0" timestamp="2025-07-29T18:08:31 IST">
  <testcase classname="automationtesting.SauceDemoTesting" name="testingFilterandAddItemtocart" time="6.664"/>
  <testcase classname="automationtesting.SauceDemoTesting" name="testingFilterandAddItemtocart" time="6.664"/>
  <testcase classname="automationtesting.SauceDemoTesting" name="testingFilterandAddItemtocart" time="6.648"/>
  <testcase classname="automationtesting.SauceDemoTesting" name="titleverification" time="0.012"/>
</testsuite> <!-- Default test -->
