<?xml version="1.0" encoding="UTF-8"?>
<!-- Generated by org.testng.reporters.JUnitXMLReporter -->
<testsuite ignored="0" hostname="LAPTOP-33I42NLP" failures="0" tests="4" name="Default test" time="30.856" errors="0" timestamp="2025-07-29T21:20:31 IST">
  <testcase classname="automationtesting.SauceDemoTesting" name="testingFilterandAddItemtocart" time="6.873"/>
  <testcase classname="automationtesting.SauceDemoTesting" name="testingFilterandAddItemtocart" time="7.091"/>
  <testcase classname="automationtesting.SauceDemoTesting" name="testingFilterandAddItemtocart" time="7.586"/>
  <testcase classname="automationtesting.SauceDemoTesting" name="titleverification" time="0.028"/>
</testsuite> <!-- Default test -->
