<?xml version="1.0" encoding="UTF-8"?>
<testng-results ignored="0" total="4" passed="4" failed="0" skipped="0">
  <reporter-output>
  </reporter-output>
  <suite started-at="2025-07-29T21:20:00 IST" name="Default suite" finished-at="2025-07-29T21:20:31 IST" duration-ms="30856">
    <groups>
    </groups>
    <test started-at="2025-07-29T21:20:00 IST" name="Default test" finished-at="2025-07-29T21:20:31 IST" duration-ms="30856">
      <class name="automationtesting.SauceDemoTesting">
        <test-method is-config="true" signature="launchapp()[pri:0, instance:automationtesting.SauceDemoTesting@229f66ed]" started-at="2025-07-29T21:20:00 IST" name="launchapp" finished-at="2025-07-29T21:20:03 IST" duration-ms="3679" status="PASS">
          <reporter-output>
          </reporter-output>
        </test-method> <!-- launchapp -->
        <test-method signature="testingFilterandAddItemtocart(java.lang.String)[pri:0, instance:automationtesting.SauceDemoTesting@229f66ed]" started-at="2025-07-29T21:20:03 IST" name="testingFilterandAddItemtocart" data-provider="filtereditem" finished-at="2025-07-29T21:20:10 IST" duration-ms="6873" status="PASS">
          <params>
            <param index="0">
              <value>
                <![CDATA[Price (low to high)]]>
              </value>
            </param>
          </params>
          <reporter-output>
          </reporter-output>
        </test-method> <!-- testingFilterandAddItemtocart -->
        <test-method is-config="true" signature="launchapp()[pri:0, instance:automationtesting.SauceDemoTesting@229f66ed]" started-at="2025-07-29T21:20:10 IST" name="launchapp" finished-at="2025-07-29T21:20:12 IST" duration-ms="1861" status="PASS">
          <reporter-output>
          </reporter-output>
        </test-method> <!-- launchapp -->
        <test-method signature="testingFilterandAddItemtocart(java.lang.String)[pri:0, instance:automationtesting.SauceDemoTesting@229f66ed]" started-at="2025-07-29T21:20:12 IST" name="testingFilterandAddItemtocart" data-provider="filtereditem" finished-at="2025-07-29T21:20:19 IST" duration-ms="7091" status="PASS">
          <params>
            <param index="0">
              <value>
                <![CDATA[Price (high to low)]]>
              </value>
            </param>
          </params>
          <reporter-output>
          </reporter-output>
        </test-method> <!-- testingFilterandAddItemtocart -->
        <test-method is-config="true" signature="launchapp()[pri:0, instance:automationtesting.SauceDemoTesting@229f66ed]" started-at="2025-07-29T21:20:19 IST" name="launchapp" finished-at="2025-07-29T21:20:21 IST" duration-ms="1381" status="PASS">
          <reporter-output>
          </reporter-output>
        </test-method> <!-- launchapp -->
        <test-method signature="testingFilterandAddItemtocart(java.lang.String)[pri:0, instance:automationtesting.SauceDemoTesting@229f66ed]" started-at="2025-07-29T21:20:21 IST" name="testingFilterandAddItemtocart" data-provider="filtereditem" finished-at="2025-07-29T21:20:28 IST" duration-ms="7586" status="PASS">
          <params>
            <param index="0">
              <value>
                <![CDATA[Name (A to Z)]]>
              </value>
            </param>
          </params>
          <reporter-output>
          </reporter-output>
        </test-method> <!-- testingFilterandAddItemtocart -->
        <test-method is-config="true" signature="launchapp()[pri:0, instance:automationtesting.SauceDemoTesting@229f66ed]" started-at="2025-07-29T21:20:28 IST" name="launchapp" finished-at="2025-07-29T21:20:30 IST" duration-ms="2230" status="PASS">
          <reporter-output>
          </reporter-output>
        </test-method> <!-- launchapp -->
        <test-method signature="titleverification()[pri:0, instance:automationtesting.SauceDemoTesting@229f66ed]" started-at="2025-07-29T21:20:30 IST" name="titleverification" finished-at="2025-07-29T21:20:30 IST" duration-ms="28" status="PASS">
          <reporter-output>
          </reporter-output>
        </test-method> <!-- titleverification -->
      </class> <!-- automationtesting.SauceDemoTesting -->
    </test> <!-- Default test -->
  </suite> <!-- Default suite -->
</testng-results>
